TN:
SF:src\app.js
FN:9,(anonymous_0)
FN:17,(anonymous_1)
FNF:2
FNH:0
FNDA:0,(anonymous_0)
FNDA:0,(anonymous_1)
DA:1,1
DA:2,1
DA:4,1
DA:6,1
DA:7,1
DA:9,1
DA:10,0
DA:11,0
DA:14,1
DA:16,1
DA:17,0
DA:18,0
DA:22,1
LF:13
LH:9
BRDA:14,0,0,1
BRDA:14,0,1,1
BRDA:16,1,0,0
BRDA:16,1,1,1
BRF:4
BRH:3
end_of_record
TN:
SF:src\routes\tasks.js
FN:6,(anonymous_0)
FN:11,(anonymous_1)
FN:30,(anonymous_2)
FN:40,(anonymous_3)
FN:54,(anonymous_4)
FN:63,(anonymous_5)
FN:81,(anonymous_6)
FNF:7
FNH:7
FNDA:4,(anonymous_0)
FNDA:10,(anonymous_1)
FNDA:58,(anonymous_2)
FNDA:5,(anonymous_3)
FNDA:5,(anonymous_4)
FNDA:3,(anonymous_5)
FNDA:8,(anonymous_6)
DA:1,1
DA:2,1
DA:3,1
DA:4,1
DA:6,1
DA:7,4
DA:8,4
DA:11,1
DA:12,10
DA:14,10
DA:15,3
DA:16,3
DA:19,7
DA:20,3
DA:21,3
DA:22,3
DA:23,3
DA:26,4
DA:27,4
DA:30,1
DA:31,58
DA:32,58
DA:33,5
DA:36,53
DA:37,53
DA:40,1
DA:41,5
DA:42,5
DA:43,3
DA:46,2
DA:47,2
DA:48,1
DA:51,1
DA:54,1
DA:55,5
DA:56,5
DA:57,2
DA:60,3
DA:63,1
DA:64,3
DA:65,3
DA:66,1
DA:69,2
DA:81,1
DA:82,8
DA:84,8
DA:90,4
DA:95,4
DA:96,4
DA:97,1
DA:100,3
DA:103,1
LF:52
LH:52
BRDA:14,0,0,3
BRDA:14,0,1,7
BRDA:19,1,0,3
BRDA:19,1,1,4
BRDA:19,2,0,7
BRDA:19,2,1,4
BRDA:20,3,0,3
BRDA:20,3,1,0
BRDA:21,4,0,3
BRDA:21,4,1,0
BRDA:32,5,0,5
BRDA:32,5,1,53
BRDA:42,6,0,3
BRDA:42,6,1,2
BRDA:47,7,0,1
BRDA:47,7,1,1
BRDA:56,8,0,2
BRDA:56,8,1,3
BRDA:65,9,0,1
BRDA:65,9,1,2
BRDA:84,10,0,4
BRDA:84,10,1,4
BRDA:85,11,0,8
BRDA:85,11,1,7
BRDA:85,11,2,7
BRDA:85,11,3,6
BRDA:96,12,0,1
BRDA:96,12,1,3
BRF:28
BRH:26
end_of_record
TN:
SF:src\services\taskService.js
FN:5,(anonymous_0)
FN:7,(anonymous_1)
FN:7,(anonymous_2)
FN:12,(anonymous_3)
FN:12,(anonymous_4)
FN:17,(anonymous_5)
FN:22,(anonymous_6)
FN:27,(anonymous_7)
FN:37,(anonymous_8)
FN:58,(anonymous_9)
FN:59,(anonymous_10)
FN:67,(anonymous_11)
FN:68,(anonymous_12)
FN:78,(anonymous_13)
FN:88,(anonymous_14)
FN:99,(anonymous_15)
FN:104,(anonymous_16)
FN:109,(anonymous_17)
FNF:18
FNH:18
FNDA:4,(anonymous_0)
FNDA:7,(anonymous_1)
FNDA:7,(anonymous_2)
FNDA:3,(anonymous_3)
FNDA:9,(anonymous_4)
FNDA:3,(anonymous_5)
FNDA:4,(anonymous_6)
FNDA:7,(anonymous_7)
FNDA:53,(anonymous_8)
FNDA:2,(anonymous_9)
FNDA:2,(anonymous_10)
FNDA:5,(anonymous_11)
FNDA:4,(anonymous_12)
FNDA:3,(anonymous_13)
FNDA:2,(anonymous_14)
FNDA:4,(anonymous_15)
FNDA:3,(anonymous_16)
FNDA:40,(anonymous_17)
DA:1,1
DA:3,1
DA:5,4
DA:7,7
DA:12,9
DA:17,1
DA:18,3
DA:19,3
DA:22,1
DA:23,4
DA:24,4
DA:25,4
DA:27,4
DA:28,7
DA:29,7
DA:30,1
DA:34,4
DA:37,1
DA:44,53
DA:54,53
DA:55,53
DA:58,1
DA:59,2
DA:60,2
DA:62,1
DA:63,1
DA:64,1
DA:67,1
DA:68,5
DA:69,5
DA:71,3
DA:72,3
DA:78,1
DA:79,3
DA:80,3
DA:82,2
DA:88,2
DA:89,2
DA:90,2
DA:99,1
DA:100,4
DA:101,4
DA:103,3
DA:104,3
DA:105,3
DA:106,3
DA:109,1
DA:110,40
DA:113,1
LF:49
LH:49
BRDA:28,0,0,7
BRDA:28,0,1,0
BRDA:29,1,0,1
BRDA:29,1,1,6
BRDA:29,2,0,7
BRDA:29,2,1,3
BRDA:29,2,2,2
BRDA:39,3,0,53
BRDA:40,4,0,24
BRDA:41,5,0,44
BRDA:42,6,0,49
BRDA:60,7,0,1
BRDA:60,7,1,1
BRDA:69,8,0,2
BRDA:69,8,1,3
BRDA:80,9,0,1
BRDA:80,9,1,2
BRDA:101,10,0,1
BRDA:101,10,1,3
BRF:19
BRH:18
end_of_record
TN:
SF:src\utils\validators.js
FN:4,(anonymous_0)
FN:20,(anonymous_1)
FNF:2
FNH:2
FNDA:58,(anonymous_0)
FNDA:5,(anonymous_1)
DA:1,1
DA:2,1
DA:4,1
DA:5,58
DA:6,2
DA:8,56
DA:9,1
DA:11,55
DA:12,1
DA:14,54
DA:15,1
DA:17,53
DA:20,1
DA:21,5
DA:22,1
DA:24,4
DA:25,1
DA:27,3
DA:28,0
DA:30,3
DA:31,1
DA:33,2
DA:36,1
LF:23
LH:22
BRDA:5,0,0,2
BRDA:5,0,1,56
BRDA:5,1,0,58
BRDA:5,1,1,57
BRDA:5,1,2,57
BRDA:8,2,0,1
BRDA:8,2,1,55
BRDA:8,3,0,56
BRDA:8,3,1,30
BRDA:11,4,0,1
BRDA:11,4,1,54
BRDA:11,5,0,55
BRDA:11,5,1,10
BRDA:14,6,0,1
BRDA:14,6,1,53
BRDA:14,7,0,54
BRDA:14,7,1,5
BRDA:21,8,0,1
BRDA:21,8,1,4
BRDA:21,9,0,5
BRDA:21,9,1,3
BRDA:21,9,2,3
BRDA:24,10,0,1
BRDA:24,10,1,3
BRDA:24,11,0,4
BRDA:24,11,1,1
BRDA:27,12,0,0
BRDA:27,12,1,3
BRDA:27,13,0,3
BRDA:27,13,1,1
BRDA:30,14,0,1
BRDA:30,14,1,2
BRDA:30,15,0,3
BRDA:30,15,1,1
BRF:34
BRH:33
end_of_record
